2025-12-19 11:53:57,598 - INFO - Initializing NES Roguelike
2025-12-19 11:53:57,788 - INFO - Starting new game
2025-12-19 11:53:57,791 - INFO - Hero spawned at (10, 8)
2025-12-19 11:53:57,792 - INFO - Generated 1 treasure chests
2025-12-19 11:53:57,792 - INFO - Game initialized successfully
2025-12-19 11:53:57,792 - INFO - Starting game loop
2025-12-19 11:53:59,450 - DEBUG - Hero moved to (10, 9)
2025-12-19 11:53:59,706 - DEBUG - Hero moved to (11, 9)
2025-12-19 11:53:59,964 - DEBUG - Hero moved to (12, 9)
2025-12-19 11:54:00,674 - INFO - Treasure opened! Found: Iron Sword
2025-12-19 11:54:00,675 - INFO - Auto-equipped Iron Sword to weapon
2025-12-19 11:54:01,156 - DEBUG - Hero moved to (11, 9)
2025-12-19 11:54:01,687 - DEBUG - Hero moved to (12, 9)
2025-12-19 11:54:02,609 - ERROR - Auto-save failed: Object of type Equipment is not JSON serializable
2025-12-19 11:54:07,422 - ERROR - Auto-save failed: Object of type Equipment is not JSON serializable
2025-12-19 11:54:12,248 - ERROR - Auto-save failed: Object of type Equipment is not JSON serializable
2025-12-19 11:54:17,077 - ERROR - Auto-save failed: Object of type Equipment is not JSON serializable
2025-12-19 11:54:21,608 - DEBUG - Hero moved to (11, 9)
2025-12-19 11:54:21,802 - DEBUG - Hero moved to (10, 9)
2025-12-19 11:54:21,908 - ERROR - Auto-save failed: Object of type Equipment is not JSON serializable
2025-12-19 11:54:21,930 - DEBUG - Hero moved to (9, 9)
2025-12-19 11:54:22,172 - DEBUG - Hero moved to (9, 8)
2025-12-19 11:54:22,542 - DEBUG - Hero moved to (9, 7)
2025-12-19 11:54:22,768 - DEBUG - Hero moved to (8, 7)
2025-12-19 11:54:22,928 - DEBUG - Hero moved to (7, 7)
2025-12-19 11:54:23,040 - DEBUG - Hero moved to (6, 7)
2025-12-19 11:54:23,184 - DEBUG - Hero moved to (5, 7)
2025-12-19 11:54:23,329 - DEBUG - Hero moved to (4, 7)
2025-12-19 11:54:23,474 - DEBUG - Hero moved to (3, 7)
2025-12-19 11:54:23,620 - DEBUG - Hero moved to (2, 7)
2025-12-19 11:54:24,698 - DEBUG - Hero moved to (1, 7)
2025-12-19 11:54:24,907 - DEBUG - Hero moved to (1, 6)
2025-12-19 11:54:25,086 - DEBUG - Hero moved to (1, 5)
2025-12-19 11:54:25,748 - DEBUG - Hero moved to (2, 5)
2025-12-19 11:54:26,296 - DEBUG - Hero moved to (2, 4)
2025-12-19 11:54:26,742 - ERROR - Auto-save failed: Object of type Equipment is not JSON serializable
2025-12-19 11:54:31,561 - ERROR - Auto-save failed: Object of type Equipment is not JSON serializable
2025-12-19 11:54:34,580 - DEBUG - Hero moved to (2, 5)
2025-12-19 11:54:35,064 - DEBUG - Hero moved to (1, 5)
2025-12-19 11:54:35,287 - DEBUG - Hero moved to (1, 6)
2025-12-19 11:54:35,432 - DEBUG - Hero moved to (1, 7)
2025-12-19 11:54:35,593 - DEBUG - Hero moved to (1, 8)
2025-12-19 11:54:35,802 - DEBUG - Hero moved to (2, 8)
2025-12-19 11:54:35,947 - DEBUG - Hero moved to (3, 8)
2025-12-19 11:54:36,092 - DEBUG - Hero moved to (4, 8)
2025-12-19 11:54:36,220 - DEBUG - Hero moved to (5, 8)
2025-12-19 11:54:36,364 - DEBUG - Hero moved to (6, 8)
2025-12-19 11:54:36,384 - ERROR - Auto-save failed: Object of type Equipment is not JSON serializable
2025-12-19 11:54:36,494 - DEBUG - Hero moved to (7, 8)
2025-12-19 11:54:37,703 - DEBUG - Hero moved to (7, 7)
2025-12-19 11:54:37,945 - DEBUG - Hero moved to (8, 7)
2025-12-19 11:54:38,090 - DEBUG - Hero moved to (9, 7)
2025-12-19 11:54:38,219 - DEBUG - Hero moved to (10, 7)
2025-12-19 11:54:38,366 - DEBUG - Hero moved to (11, 7)
2025-12-19 11:54:38,560 - DEBUG - Hero moved to (11, 8)
2025-12-19 11:54:38,768 - DEBUG - Hero moved to (11, 9)
2025-12-19 11:54:38,914 - DEBUG - Hero moved to (11, 10)
2025-12-19 11:54:39,189 - DEBUG - Hero moved to (12, 10)
2025-12-19 11:54:39,480 - DEBUG - Hero moved to (12, 11)
2025-12-19 11:54:39,720 - DEBUG - Hero moved to (12, 12)
2025-12-19 11:54:39,863 - DEBUG - Hero moved to (12, 13)
2025-12-19 11:54:40,024 - DEBUG - Hero moved to (12, 14)
2025-12-19 11:54:40,362 - DEBUG - Hero moved to (13, 14)
2025-12-19 11:54:40,556 - DEBUG - Hero moved to (13, 15)
2025-12-19 11:54:40,733 - DEBUG - Hero moved to (13, 16)
2025-12-19 11:54:40,896 - DEBUG - Hero moved to (13, 17)
2025-12-19 11:54:41,040 - DEBUG - Hero moved to (13, 18)
2025-12-19 11:54:41,218 - ERROR - Auto-save failed: Object of type Equipment is not JSON serializable
2025-12-19 11:54:41,265 - DEBUG - Hero moved to (12, 18)
2025-12-19 11:54:41,459 - DEBUG - Hero moved to (11, 18)
2025-12-19 11:54:41,603 - DEBUG - Hero moved to (10, 18)
2025-12-19 11:54:41,812 - DEBUG - Hero moved to (9, 18)
2025-12-19 11:54:41,940 - DEBUG - Hero moved to (8, 18)
2025-12-19 11:54:42,087 - DEBUG - Hero moved to (7, 18)
2025-12-19 11:54:42,248 - DEBUG - Hero moved to (7, 17)
2025-12-19 11:54:46,060 - ERROR - Auto-save failed: Object of type Equipment is not JSON serializable
2025-12-19 11:54:50,873 - ERROR - Auto-save failed: Object of type Equipment is not JSON serializable
2025-12-19 11:54:55,671 - INFO - Game quit by user
2025-12-19 11:54:55,687 - INFO - Game loop ended
