2025-12-19 11:30:02,454 - INFO - Initializing NES Roguelike
2025-12-19 11:30:02,639 - INFO - Starting new game
2025-12-19 11:30:02,642 - INFO - Hero spawned at (18, 7)
2025-12-19 11:30:02,642 - INFO - Generated 1 treasure chests
2025-12-19 11:30:02,642 - INFO - Game initialized successfully
2025-12-19 11:30:02,642 - INFO - Starting game loop
2025-12-19 11:30:07,449 - ERROR - Game crashed: 'SaveSystem' object has no attribute 'auto_save'
Traceback (most recent call last):
  File "/home/dominick/workspace/untitled-steam-game/src/engine/game_nes.py", line 307, in run
    self.auto_save()
  File "/home/dominick/workspace/untitled-steam-game/src/engine/game_nes.py", line 256, in auto_save
    self.save_system.auto_save(self)
    ^^^^^^^^^^^^^^^^^^^^^^^^^^
AttributeError: 'SaveSystem' object has no attribute 'auto_save'. Did you mean: 'autosave'?
2025-12-19 11:30:07,454 - INFO - Game loop ended
2025-12-19 11:30:07,491 - ERROR - Fatal error: 'SaveSystem' object has no attribute 'auto_save'
Traceback (most recent call last):
  File "/home/dominick/workspace/untitled-steam-game/src/engine/game_nes.py", line 320, in main
    game.run()
  File "/home/dominick/workspace/untitled-steam-game/src/engine/game_nes.py", line 307, in run
    self.auto_save()
  File "/home/dominick/workspace/untitled-steam-game/src/engine/game_nes.py", line 256, in auto_save
    self.save_system.auto_save(self)
    ^^^^^^^^^^^^^^^^^^^^^^^^^^
AttributeError: 'SaveSystem' object has no attribute 'auto_save'. Did you mean: 'autosave'?
