2025-12-19 11:44:07,101 - INFO - Initializing NES Roguelike
2025-12-19 11:44:07,282 - INFO - Starting new game
2025-12-19 11:44:07,286 - INFO - Hero spawned at (11, 13)
2025-12-19 11:44:07,286 - INFO - Generated 1 treasure chests
2025-12-19 11:44:07,286 - INFO - Game initialized successfully
2025-12-19 11:44:07,286 - INFO - Starting game loop
2025-12-19 11:44:07,286 - DEBUG - Hero moved to (11, 14)
2025-12-19 11:44:12,098 - ERROR - Auto-save failed: 'Grass' object has no attribute 'walkable'
2025-12-19 11:44:12,405 - DEBUG - Hero moved to (10, 14)
2025-12-19 11:44:12,566 - DEBUG - Hero moved to (9, 14)
2025-12-19 11:44:12,695 - DEBUG - Hero moved to (8, 14)
2025-12-19 11:44:12,841 - DEBUG - Hero moved to (7, 14)
2025-12-19 11:44:13,083 - DEBUG - Hero moved to (7, 13)
2025-12-19 11:44:13,228 - DEBUG - Hero moved to (7, 12)
2025-12-19 11:44:13,358 - DEBUG - Hero moved to (7, 11)
2025-12-19 11:44:13,506 - DEBUG - Hero moved to (7, 10)
2025-12-19 11:44:13,651 - DEBUG - Hero moved to (7, 9)
2025-12-19 11:44:13,651 - INFO - Treasure opened! Found: Leather Armor
2025-12-19 11:44:13,651 - INFO - Auto-equipped Leather Armor to body
2025-12-19 11:44:14,456 - DEBUG - Hero moved to (7, 10)
2025-12-19 11:44:14,617 - DEBUG - Hero moved to (7, 11)
2025-12-19 11:44:16,941 - ERROR - Auto-save failed: 'Grass' object has no attribute 'walkable'
2025-12-19 11:44:20,089 - DEBUG - Hero moved to (6, 11)
2025-12-19 11:44:20,715 - DEBUG - Hero moved to (6, 10)
2025-12-19 11:44:21,085 - DEBUG - Hero moved to (7, 10)
2025-12-19 11:44:21,215 - DEBUG - Hero moved to (8, 10)
2025-12-19 11:44:21,376 - DEBUG - Hero moved to (9, 10)
2025-12-19 11:44:21,520 - DEBUG - Hero moved to (10, 10)
2025-12-19 11:44:21,682 - DEBUG - Hero moved to (11, 10)
2025-12-19 11:44:21,779 - ERROR - Auto-save failed: 'Grass' object has no attribute 'walkable'
2025-12-19 11:44:22,137 - DEBUG - Hero moved to (11, 11)
2025-12-19 11:44:22,536 - DEBUG - Hero moved to (12, 11)
2025-12-19 11:44:22,696 - DEBUG - Hero moved to (13, 11)
2025-12-19 11:44:22,843 - DEBUG - Hero moved to (14, 11)
2025-12-19 11:44:23,037 - DEBUG - Hero moved to (15, 11)
2025-12-19 11:44:23,248 - DEBUG - Hero moved to (15, 10)
2025-12-19 11:44:23,442 - DEBUG - Hero moved to (15, 9)
2025-12-19 11:44:23,554 - DEBUG - Hero moved to (15, 8)
2025-12-19 11:44:23,700 - DEBUG - Hero moved to (15, 7)
2025-12-19 11:44:23,828 - DEBUG - Hero moved to (15, 6)
2025-12-19 11:44:24,185 - DEBUG - Hero moved to (14, 6)
2025-12-19 11:44:24,475 - DEBUG - Hero moved to (14, 5)
2025-12-19 11:44:24,638 - DEBUG - Hero moved to (14, 4)
2025-12-19 11:44:24,752 - DEBUG - Hero moved to (14, 3)
2025-12-19 11:44:24,880 - DEBUG - Hero moved to (14, 2)
2025-12-19 11:44:25,157 - DEBUG - Hero moved to (14, 3)
2025-12-19 11:44:25,300 - DEBUG - Hero moved to (14, 4)
2025-12-19 11:44:25,431 - DEBUG - Hero moved to (14, 5)
2025-12-19 11:44:25,561 - DEBUG - Hero moved to (14, 6)
2025-12-19 11:44:25,837 - DEBUG - Hero moved to (15, 6)
2025-12-19 11:44:26,032 - DEBUG - Hero moved to (15, 7)
2025-12-19 11:44:26,192 - DEBUG - Hero moved to (15, 8)
2025-12-19 11:44:26,321 - DEBUG - Hero moved to (15, 9)
2025-12-19 11:44:26,449 - DEBUG - Hero moved to (15, 10)
2025-12-19 11:44:26,593 - DEBUG - Hero moved to (15, 11)
2025-12-19 11:44:26,625 - ERROR - Auto-save failed: 'Grass' object has no attribute 'walkable'
2025-12-19 11:44:26,786 - DEBUG - Hero moved to (14, 11)
2025-12-19 11:44:26,948 - DEBUG - Hero moved to (13, 11)
2025-12-19 11:44:27,093 - DEBUG - Hero moved to (12, 11)
2025-12-19 11:44:27,333 - DEBUG - Hero moved to (12, 12)
2025-12-19 11:44:27,510 - DEBUG - Hero moved to (12, 13)
2025-12-19 11:44:27,622 - DEBUG - Hero moved to (12, 14)
2025-12-19 11:44:27,770 - DEBUG - Hero moved to (12, 15)
2025-12-19 11:44:27,978 - DEBUG - Hero moved to (11, 15)
2025-12-19 11:44:28,107 - DEBUG - Hero moved to (10, 15)
2025-12-19 11:44:28,267 - DEBUG - Hero moved to (9, 15)
2025-12-19 11:44:28,397 - DEBUG - Hero moved to (8, 15)
2025-12-19 11:44:28,541 - DEBUG - Hero moved to (7, 15)
2025-12-19 11:44:28,703 - DEBUG - Hero moved to (7, 16)
2025-12-19 11:44:28,913 - DEBUG - Hero moved to (7, 17)
2025-12-19 11:44:29,188 - DEBUG - Hero moved to (6, 17)
2025-12-19 11:44:29,350 - DEBUG - Hero moved to (5, 17)
2025-12-19 11:44:29,496 - DEBUG - Hero moved to (4, 17)
2025-12-19 11:44:29,640 - DEBUG - Hero moved to (3, 17)
2025-12-19 11:44:30,154 - DEBUG - Hero moved to (4, 17)
2025-12-19 11:44:30,302 - DEBUG - Hero moved to (5, 17)
2025-12-19 11:44:30,462 - DEBUG - Hero moved to (6, 17)
2025-12-19 11:44:30,590 - DEBUG - Hero moved to (7, 17)
2025-12-19 11:44:30,719 - DEBUG - Hero moved to (8, 17)
2025-12-19 11:44:30,862 - DEBUG - Hero moved to (9, 17)
2025-12-19 11:44:31,008 - DEBUG - Hero moved to (10, 17)
2025-12-19 11:44:31,460 - ERROR - Auto-save failed: 'Grass' object has no attribute 'walkable'
2025-12-19 11:44:36,290 - ERROR - Auto-save failed: 'Grass' object has no attribute 'walkable'
