2025-12-19 11:33:19,317 - INFO - Initializing NES Roguelike
2025-12-19 11:33:19,493 - INFO - Starting new game
2025-12-19 11:33:19,496 - INFO - Hero spawned at (9, 12)
2025-12-19 11:33:19,497 - INFO - Generated 1 treasure chests
2025-12-19 11:33:19,497 - INFO - Game initialized successfully
2025-12-19 11:33:19,497 - INFO - Starting game loop
2025-12-19 11:33:24,320 - ERROR - Auto-save failed: 'Hero' object has no attribute 'equipment_manager'
2025-12-19 11:33:29,163 - ERROR - Auto-save failed: 'Hero' object has no attribute 'equipment_manager'
2025-12-19 11:33:34,003 - ERROR - Auto-save failed: 'Hero' object has no attribute 'equipment_manager'
2025-12-19 11:33:38,834 - ERROR - Auto-save failed: 'Hero' object has no attribute 'equipment_manager'
2025-12-19 11:33:43,662 - ERROR - Auto-save failed: 'Hero' object has no attribute 'equipment_manager'
2025-12-19 11:33:48,497 - ERROR - Auto-save failed: 'Hero' object has no attribute 'equipment_manager'
2025-12-19 11:33:53,326 - ERROR - Auto-save failed: 'Hero' object has no attribute 'equipment_manager'
2025-12-19 11:33:54,369 - DEBUG - Hero moved to (8, 12)
2025-12-19 11:33:54,529 - DEBUG - Hero moved to (7, 12)
2025-12-19 11:33:54,675 - DEBUG - Hero moved to (6, 12)
2025-12-19 11:33:55,080 - DEBUG - Hero moved to (6, 13)
2025-12-19 11:33:55,322 - DEBUG - Hero moved to (5, 13)
2025-12-19 11:33:55,484 - DEBUG - Hero moved to (4, 13)
2025-12-19 11:33:55,627 - DEBUG - Hero moved to (3, 13)
2025-12-19 11:33:55,741 - DEBUG - Hero moved to (2, 13)
2025-12-19 11:33:55,918 - DEBUG - Hero moved to (1, 13)
2025-12-19 11:33:56,162 - DEBUG - Hero moved to (1, 12)
2025-12-19 11:33:56,306 - DEBUG - Hero moved to (1, 11)
2025-12-19 11:33:56,451 - DEBUG - Hero moved to (1, 10)
2025-12-19 11:33:56,580 - DEBUG - Hero moved to (1, 9)
2025-12-19 11:33:56,709 - DEBUG - Hero moved to (1, 8)
2025-12-19 11:33:56,839 - DEBUG - Hero moved to (1, 7)
2025-12-19 11:33:56,967 - DEBUG - Hero moved to (1, 6)
2025-12-19 11:33:57,112 - DEBUG - Hero moved to (1, 5)
2025-12-19 11:33:57,257 - DEBUG - Hero moved to (1, 4)
2025-12-19 11:33:57,386 - DEBUG - Hero moved to (1, 3)
2025-12-19 11:33:57,531 - DEBUG - Hero moved to (1, 2)
2025-12-19 11:33:57,677 - DEBUG - Hero moved to (1, 1)
2025-12-19 11:33:57,806 - DEBUG - Hero moved to (1, 0)
2025-12-19 11:33:58,164 - ERROR - Auto-save failed: 'Hero' object has no attribute 'equipment_manager'
2025-12-19 11:33:58,211 - DEBUG - Hero moved to (1, 1)
2025-12-19 11:33:58,485 - DEBUG - Hero moved to (1, 2)
2025-12-19 11:33:58,615 - DEBUG - Hero moved to (1, 3)
2025-12-19 11:33:58,759 - DEBUG - Hero moved to (1, 4)
2025-12-19 11:33:58,953 - DEBUG - Hero moved to (1, 5)
2025-12-19 11:33:59,163 - DEBUG - Hero moved to (1, 6)
2025-12-19 11:33:59,371 - DEBUG - Hero moved to (2, 6)
2025-12-19 11:33:59,517 - DEBUG - Hero moved to (3, 6)
2025-12-19 11:33:59,662 - DEBUG - Hero moved to (4, 6)
2025-12-19 11:33:59,805 - DEBUG - Hero moved to (5, 6)
2025-12-19 11:33:59,935 - DEBUG - Hero moved to (6, 6)
2025-12-19 11:33:59,936 - INFO - Treasure opened! Found: Leather Armor
2025-12-19 11:33:59,936 - ERROR - Game crashed: 'EquipmentManager' object has no attribute 'can_equip'
Traceback (most recent call last):
  File "/home/dominick/workspace/untitled-steam-game/src/engine/game_nes.py", line 319, in run
    running = self.handle_input()
              ^^^^^^^^^^^^^^^^^^^
  File "/home/dominick/workspace/untitled-steam-game/src/engine/game_nes.py", line 209, in handle_input
    self.move_hero(1, 0)
  File "/home/dominick/workspace/untitled-steam-game/src/engine/game_nes.py", line 241, in move_hero
    self.open_treasure(chest)
  File "/home/dominick/workspace/untitled-steam-game/src/engine/game_nes.py", line 251, in open_treasure
    if self.equipment.can_equip(item):
       ^^^^^^^^^^^^^^^^^^^^^^^^
AttributeError: 'EquipmentManager' object has no attribute 'can_equip'. Did you mean: 'unequip'?
2025-12-19 11:33:59,945 - INFO - Game loop ended
2025-12-19 11:33:59,996 - ERROR - Fatal error: 'EquipmentManager' object has no attribute 'can_equip'
Traceback (most recent call last):
  File "/home/dominick/workspace/untitled-steam-game/src/engine/game_nes.py", line 333, in main
    game.run()
  File "/home/dominick/workspace/untitled-steam-game/src/engine/game_nes.py", line 319, in run
    running = self.handle_input()
              ^^^^^^^^^^^^^^^^^^^
  File "/home/dominick/workspace/untitled-steam-game/src/engine/game_nes.py", line 209, in handle_input
    self.move_hero(1, 0)
  File "/home/dominick/workspace/untitled-steam-game/src/engine/game_nes.py", line 241, in move_hero
    self.open_treasure(chest)
  File "/home/dominick/workspace/untitled-steam-game/src/engine/game_nes.py", line 251, in open_treasure
    if self.equipment.can_equip(item):
       ^^^^^^^^^^^^^^^^^^^^^^^^
AttributeError: 'EquipmentManager' object has no attribute 'can_equip'. Did you mean: 'unequip'?
