2025-12-19 11:28:55,876 - INFO - Initializing NES Roguelike
2025-12-19 11:28:56,064 - INFO - Starting new game
2025-12-19 11:28:56,069 - INFO - Hero spawned at (14, 15)
2025-12-19 11:28:56,069 - INFO - Generated 1 treasure chests
2025-12-19 11:28:56,069 - INFO - Game initialized successfully
2025-12-19 11:28:56,069 - INFO - Starting game loop
2025-12-19 11:28:56,070 - ERROR - Game crashed: 'dict' object has no attribute 'opened'
Traceback (most recent call last):
  File "/home/dominick/workspace/untitled-steam-game/src/engine/game_nes.py", line 306, in run
    self.render()
  File "/home/dominick/workspace/untitled-steam-game/src/engine/game_nes.py", line 280, in render
    if not chest.opened:
           ^^^^^^^^^^^^
AttributeError: 'dict' object has no attribute 'opened'
2025-12-19 11:28:56,071 - INFO - Game loop ended
2025-12-19 11:28:56,108 - ERROR - Fatal error: 'dict' object has no attribute 'opened'
Traceback (most recent call last):
  File "/home/dominick/workspace/untitled-steam-game/src/engine/game_nes.py", line 318, in main
    game.run()
  File "/home/dominick/workspace/untitled-steam-game/src/engine/game_nes.py", line 306, in run
    self.render()
  File "/home/dominick/workspace/untitled-steam-game/src/engine/game_nes.py", line 280, in render
    if not chest.opened:
           ^^^^^^^^^^^^
AttributeError: 'dict' object has no attribute 'opened'
