2025-12-19 11:55:12,844 - INFO - Initializing NES Roguelike
2025-12-19 11:55:13,038 - INFO - Starting new game
2025-12-19 11:55:13,043 - INFO - Hero spawned at (14, 16)
2025-12-19 11:55:13,043 - INFO - Generated 1 treasure chests
2025-12-19 11:55:13,043 - INFO - Game initialized successfully
2025-12-19 11:55:13,043 - INFO - Starting game loop
2025-12-19 11:55:14,781 - DEBUG - Hero moved to (14, 15)
2025-12-19 11:55:15,136 - DEBUG - Hero moved to (13, 15)
2025-12-19 11:55:15,429 - DEBUG - Hero moved to (14, 15)
2025-12-19 11:55:15,574 - DEBUG - Hero moved to (15, 15)
2025-12-19 11:55:15,717 - DEBUG - Hero moved to (16, 15)
2025-12-19 11:55:15,911 - DEBUG - Hero moved to (16, 14)
2025-12-19 11:55:16,071 - DEBUG - Hero moved to (16, 13)
2025-12-19 11:55:16,185 - DEBUG - Hero moved to (16, 12)
2025-12-19 11:55:16,428 - DEBUG - Hero moved to (15, 12)
2025-12-19 11:55:16,574 - DEBUG - Hero moved to (14, 12)
2025-12-19 11:55:16,883 - DEBUG - Hero moved to (14, 11)
2025-12-19 11:55:17,028 - DEBUG - Hero moved to (14, 10)
2025-12-19 11:55:17,256 - DEBUG - Hero moved to (13, 10)
2025-12-19 11:55:17,419 - DEBUG - Hero moved to (12, 10)
2025-12-19 11:55:17,564 - DEBUG - Hero moved to (11, 10)
2025-12-19 11:55:17,872 - ERROR - Auto-save failed: 'dict' object has no attribute 'x'
2025-12-19 11:55:17,901 - DEBUG - Hero moved to (11, 11)
2025-12-19 11:55:18,080 - DEBUG - Hero moved to (10, 11)
2025-12-19 11:55:18,239 - DEBUG - Hero moved to (9, 11)
2025-12-19 11:55:18,368 - DEBUG - Hero moved to (8, 11)
2025-12-19 11:55:18,513 - DEBUG - Hero moved to (7, 11)
2025-12-19 11:55:18,643 - DEBUG - Hero moved to (6, 11)
2025-12-19 11:55:18,786 - DEBUG - Hero moved to (5, 11)
2025-12-19 11:55:19,011 - DEBUG - Hero moved to (5, 10)
2025-12-19 11:55:19,186 - DEBUG - Hero moved to (5, 9)
2025-12-19 11:55:19,621 - DEBUG - Hero moved to (5, 8)
2025-12-19 11:55:19,976 - DEBUG - Hero moved to (5, 9)
2025-12-19 11:55:20,523 - INFO - Treasure opened! Found: Iron Sword
2025-12-19 11:55:20,523 - INFO - Auto-equipped Iron Sword to weapon
2025-12-19 11:55:21,364 - DEBUG - Hero moved to (5, 10)
2025-12-19 11:55:22,699 - ERROR - Auto-save failed: 'dict' object has no attribute 'x'
2025-12-19 11:55:27,535 - ERROR - Auto-save failed: 'dict' object has no attribute 'x'
